2013-05-12T12:14:34-05:00 ERR (3): Error opening translation file '/var/www/owlsys/application/languages/es.mo'.
2013-05-12T12:14:34-05:00 ERR (3): Decoding failed: Syntax error
2013-05-12T12:14:57-05:00 ERR (3): Error opening translation file '/var/www/owlsys/application/languages/es.mo'.
2013-05-12T12:14:57-05:00 ERR (3): Decoding failed: Syntax error
2013-05-12T12:15:51-05:00 ERR (3): Error opening translation file '/var/www/owlsys/application/languages/es.mo'.
2013-05-12T12:15:51-05:00 ERR (3): Decoding failed: Syntax error
2013-05-12T12:28:16-05:00 ERR (3): Decoding failed: Syntax error
2013-05-12T12:28:16-05:00 ERR (3): Decoding failed: Syntax error
2013-05-12T14:12:32-05:00 ERR (3): Decoding failed: Syntax error
2013-05-12T17:18:31-05:00 ERR (3): Decoding failed: Syntax error
2013-05-12T17:18:52-05:00 ERR (3): Decoding failed: Syntax error
2013-05-12T17:19:14-05:00 ERR (3): Decoding failed: Syntax error
2013-05-12T17:20:40-05:00 ERR (3): Decoding failed: Syntax error
2013-05-12T17:21:44-05:00 ERR (3): Invalid id or tag 'role-3' : must use only [a-zA-Z0-9_]
2013-05-12T17:21:44-05:00 ERR (3): Invalid id or tag 'role-3' : must use only [a-zA-Z0-9_]
2013-05-12T17:21:44-05:00 ERR (3): No entry is registered for key 'Zend_Navigation'
2013-05-12T17:21:44-05:00 ERR (3): Invalid id or tag 'role-3' : must use only [a-zA-Z0-9_]
2013-05-12T17:21:44-05:00 ERR (3): Invalid id or tag 'role-3' : must use only [a-zA-Z0-9_]
2013-05-12T17:21:44-05:00 ERR (3): No entry is registered for key 'Zend_Navigation'
2013-05-12T17:22:01-05:00 ERR (3): Invalid id or tag 'role-3' : must use only [a-zA-Z0-9_]
2013-05-12T17:22:01-05:00 ERR (3): Invalid id or tag 'role-3' : must use only [a-zA-Z0-9_]
2013-05-12T17:22:01-05:00 ERR (3): No entry is registered for key 'Zend_Navigation'
2013-05-12T17:22:01-05:00 ERR (3): Invalid id or tag 'role-3' : must use only [a-zA-Z0-9_]
2013-05-12T17:22:01-05:00 ERR (3): Invalid id or tag 'role-3' : must use only [a-zA-Z0-9_]
2013-05-12T17:22:01-05:00 ERR (3): No entry is registered for key 'Zend_Navigation'
2013-05-12T17:25:07-05:00 ERR (3): Invalid id or tag 'role-3' : must use only [a-zA-Z0-9_]
2013-05-12T17:25:07-05:00 ERR (3): Invalid id or tag 'role-3' : must use only [a-zA-Z0-9_]
2013-05-12T17:25:07-05:00 ERR (3): No entry is registered for key 'Zend_Navigation'
2013-05-12T17:25:07-05:00 ERR (3): Invalid id or tag 'role-3' : must use only [a-zA-Z0-9_]
2013-05-12T17:25:07-05:00 ERR (3): Invalid id or tag 'role-3' : must use only [a-zA-Z0-9_]
2013-05-12T17:25:07-05:00 ERR (3): No entry is registered for key 'Zend_Navigation'
2013-05-12T17:25:59-05:00 ERR (3): Invalid id or tag 'role-3' : must use only [a-zA-Z0-9_]
2013-05-12T17:25:59-05:00 ERR (3): Invalid id or tag 'role-3' : must use only [a-zA-Z0-9_]
2013-05-12T17:25:59-05:00 ERR (3): No entry is registered for key 'Zend_Navigation'
2013-05-12T17:25:59-05:00 ERR (3): Invalid id or tag 'role-3' : must use only [a-zA-Z0-9_]
2013-05-12T17:25:59-05:00 ERR (3): Invalid id or tag 'role-3' : must use only [a-zA-Z0-9_]
2013-05-12T17:25:59-05:00 ERR (3): No entry is registered for key 'Zend_Navigation'
2013-05-12T17:26:18-05:00 ERR (3): Invalid id or tag 'role-3' : must use only [a-zA-Z0-9_]
2013-05-12T17:26:18-05:00 ERR (3): Invalid id or tag 'role-3' : must use only [a-zA-Z0-9_]
2013-05-12T17:26:18-05:00 ERR (3): No entry is registered for key 'Zend_Navigation'
2013-05-12T17:26:18-05:00 ERR (3): Invalid id or tag 'role-3' : must use only [a-zA-Z0-9_]
2013-05-12T17:26:18-05:00 ERR (3): Invalid id or tag 'role-3' : must use only [a-zA-Z0-9_]
2013-05-12T17:26:18-05:00 ERR (3): No entry is registered for key 'Zend_Navigation'
2013-05-12T17:27:26-05:00 ERR (3): Invalid id or tag 'role-3' : must use only [a-zA-Z0-9_]
2013-05-12T17:27:26-05:00 ERR (3): Invalid id or tag 'role-3' : must use only [a-zA-Z0-9_]
2013-05-12T17:27:26-05:00 ERR (3): No entry is registered for key 'Zend_Navigation'
2013-05-12T17:27:26-05:00 ERR (3): Invalid id or tag 'role-3' : must use only [a-zA-Z0-9_]
2013-05-12T17:27:26-05:00 ERR (3): Invalid id or tag 'role-3' : must use only [a-zA-Z0-9_]
2013-05-12T17:27:26-05:00 ERR (3): No entry is registered for key 'Zend_Navigation'
2013-05-12T17:29:04-05:00 ERR (3): Invalid id or tag 'role-3' : must use only [a-zA-Z0-9_]
2013-05-12T17:29:04-05:00 ERR (3): Invalid id or tag 'role-3' : must use only [a-zA-Z0-9_]
2013-05-12T17:29:04-05:00 ERR (3): No entry is registered for key 'Zend_Navigation'
2013-05-12T17:29:04-05:00 ERR (3): Invalid id or tag 'role-3' : must use only [a-zA-Z0-9_]
2013-05-12T17:29:04-05:00 ERR (3): Invalid id or tag 'role-3' : must use only [a-zA-Z0-9_]
2013-05-12T17:29:04-05:00 ERR (3): No entry is registered for key 'Zend_Navigation'
2013-05-12T17:29:11-05:00 ERR (3): Invalid id or tag 'role-3' : must use only [a-zA-Z0-9_]
2013-05-12T17:29:11-05:00 ERR (3): Invalid id or tag 'role-3' : must use only [a-zA-Z0-9_]
2013-05-12T17:29:11-05:00 ERR (3): No entry is registered for key 'Zend_Navigation'
2013-05-12T17:29:11-05:00 ERR (3): Invalid id or tag 'role-3' : must use only [a-zA-Z0-9_]
2013-05-12T17:29:11-05:00 ERR (3): Invalid id or tag 'role-3' : must use only [a-zA-Z0-9_]
2013-05-12T17:29:11-05:00 ERR (3): No entry is registered for key 'Zend_Navigation'
2013-05-12T17:30:23-05:00 ERR (3): Invalid id or tag 'role-3' : must use only [a-zA-Z0-9_]
2013-05-12T17:30:23-05:00 ERR (3): Invalid id or tag 'role-3' : must use only [a-zA-Z0-9_]
2013-05-12T17:30:23-05:00 ERR (3): No entry is registered for key 'Zend_Navigation'
2013-05-12T17:30:23-05:00 ERR (3): Invalid id or tag 'role-3' : must use only [a-zA-Z0-9_]
2013-05-12T17:30:23-05:00 ERR (3): Invalid id or tag 'role-3' : must use only [a-zA-Z0-9_]
2013-05-12T17:30:23-05:00 ERR (3): No entry is registered for key 'Zend_Navigation'
2013-05-12T17:31:26-05:00 ERR (3): Invalid id or tag 'role-3' : must use only [a-zA-Z0-9_]
2013-05-12T17:31:26-05:00 ERR (3): Invalid id or tag 'role-3' : must use only [a-zA-Z0-9_]
2013-05-12T17:31:26-05:00 ERR (3): No entry is registered for key 'Zend_Navigation'
2013-05-12T17:31:26-05:00 ERR (3): Invalid id or tag 'role-3' : must use only [a-zA-Z0-9_]
2013-05-12T17:31:26-05:00 ERR (3): Invalid id or tag 'role-3' : must use only [a-zA-Z0-9_]
2013-05-12T17:31:26-05:00 ERR (3): No entry is registered for key 'Zend_Navigation'
2013-05-12T17:33:10-05:00 ERR (3): Invalid id or tag 'role-3' : must use only [a-zA-Z0-9_]
2013-05-12T17:33:10-05:00 ERR (3): Invalid id or tag 'role-3' : must use only [a-zA-Z0-9_]
2013-05-12T17:33:10-05:00 ERR (3): No entry is registered for key 'Zend_Navigation'
2013-05-12T17:33:17-05:00 ERR (3): Invalid id or tag 'role-3' : must use only [a-zA-Z0-9_]
2013-05-12T17:33:17-05:00 ERR (3): Invalid id or tag 'role-3' : must use only [a-zA-Z0-9_]
2013-05-12T17:33:17-05:00 ERR (3): No entry is registered for key 'Zend_Navigation'
2013-05-12T17:33:22-05:00 ERR (3): Invalid id or tag 'role-3' : must use only [a-zA-Z0-9_]
2013-05-12T17:33:22-05:00 ERR (3): Invalid id or tag 'role-3' : must use only [a-zA-Z0-9_]
2013-05-12T17:33:22-05:00 ERR (3): No entry is registered for key 'Zend_Navigation'
2013-05-12T17:33:22-05:00 ERR (3): Invalid id or tag 'role-3' : must use only [a-zA-Z0-9_]
2013-05-12T17:33:22-05:00 ERR (3): Invalid id or tag 'role-3' : must use only [a-zA-Z0-9_]
2013-05-12T17:33:22-05:00 ERR (3): No entry is registered for key 'Zend_Navigation'
2013-05-12T17:33:24-05:00 ERR (3): Invalid id or tag 'role-3' : must use only [a-zA-Z0-9_]
2013-05-12T17:33:24-05:00 ERR (3): Invalid id or tag 'role-3' : must use only [a-zA-Z0-9_]
2013-05-12T17:33:24-05:00 ERR (3): No entry is registered for key 'Zend_Navigation'
2013-05-12T17:38:12-05:00 ERR (3): Invalid id or tag 'role-3' : must use only [a-zA-Z0-9_]
2013-05-12T17:38:12-05:00 ERR (3): Invalid id or tag 'role-3' : must use only [a-zA-Z0-9_]
2013-05-12T17:38:12-05:00 ERR (3): No entry is registered for key 'Zend_Navigation'
2013-05-12T17:38:16-05:00 ERR (3): Invalid id or tag 'role-3' : must use only [a-zA-Z0-9_]
2013-05-12T17:38:16-05:00 ERR (3): Invalid id or tag 'role-3' : must use only [a-zA-Z0-9_]
2013-05-12T17:38:16-05:00 ERR (3): No entry is registered for key 'Zend_Navigation'
2013-05-12T17:38:17-05:00 ERR (3): Invalid id or tag 'role-3' : must use only [a-zA-Z0-9_]
2013-05-12T17:38:17-05:00 ERR (3): Invalid id or tag 'role-3' : must use only [a-zA-Z0-9_]
2013-05-12T17:38:17-05:00 ERR (3): No entry is registered for key 'Zend_Navigation'
2013-05-12T17:38:37-05:00 ERR (3): Invalid id or tag 'role-3' : must use only [a-zA-Z0-9_]
2013-05-12T17:38:37-05:00 ERR (3): Invalid id or tag 'role-3' : must use only [a-zA-Z0-9_]
2013-05-12T17:38:37-05:00 ERR (3): No entry is registered for key 'Zend_Navigation'
2013-05-12T17:40:58-05:00 ERR (3): Invalid id or tag 'role-3' : must use only [a-zA-Z0-9_]
2013-05-12T17:40:58-05:00 ERR (3): Invalid id or tag 'role-3' : must use only [a-zA-Z0-9_]
2013-05-12T17:40:58-05:00 ERR (3): No entry is registered for key 'Zend_Navigation'
2013-05-12T17:41:29-05:00 ERR (3): Invalid id or tag 'role-3' : must use only [a-zA-Z0-9_]
2013-05-12T17:41:29-05:00 ERR (3): Invalid id or tag 'role-3' : must use only [a-zA-Z0-9_]
2013-05-12T17:41:29-05:00 ERR (3): No entry is registered for key 'Zend_Navigation'
2013-05-12T17:41:35-05:00 ERR (3): Invalid id or tag 'role-3' : must use only [a-zA-Z0-9_]
2013-05-12T17:41:35-05:00 ERR (3): Invalid id or tag 'role-3' : must use only [a-zA-Z0-9_]
2013-05-12T17:41:35-05:00 ERR (3): No entry is registered for key 'Zend_Navigation'
2013-05-12T17:41:38-05:00 ERR (3): Invalid id or tag 'role-3' : must use only [a-zA-Z0-9_]
2013-05-12T17:41:38-05:00 ERR (3): Invalid id or tag 'role-3' : must use only [a-zA-Z0-9_]
2013-05-12T17:41:38-05:00 ERR (3): No entry is registered for key 'Zend_Navigation'
2013-05-12T17:42:06-05:00 ERR (3): Invalid id or tag 'role-3' : must use only [a-zA-Z0-9_]
2013-05-12T17:42:06-05:00 ERR (3): Invalid id or tag 'role-3' : must use only [a-zA-Z0-9_]
2013-05-12T17:42:06-05:00 ERR (3): No entry is registered for key 'Zend_Navigation'
2013-05-12T17:42:08-05:00 ERR (3): Invalid id or tag 'role-3' : must use only [a-zA-Z0-9_]
2013-05-12T17:42:08-05:00 ERR (3): Invalid id or tag 'role-3' : must use only [a-zA-Z0-9_]
2013-05-12T17:42:08-05:00 ERR (3): No entry is registered for key 'Zend_Navigation'
2013-05-12T17:42:24-05:00 ERR (3): Invalid id or tag 'role-3' : must use only [a-zA-Z0-9_]
2013-05-12T17:42:24-05:00 ERR (3): Invalid id or tag 'role-3' : must use only [a-zA-Z0-9_]
2013-05-12T17:42:24-05:00 ERR (3): No entry is registered for key 'Zend_Navigation'
2013-05-12T17:42:28-05:00 ERR (3): Invalid id or tag 'role-3' : must use only [a-zA-Z0-9_]
2013-05-12T17:42:28-05:00 ERR (3): Invalid id or tag 'role-3' : must use only [a-zA-Z0-9_]
2013-05-12T17:42:28-05:00 ERR (3): No entry is registered for key 'Zend_Navigation'
2013-05-13T21:52:55-05:00 ERR (3): Invalid id or tag 'role-3' : must use only [a-zA-Z0-9_]
2013-05-13T21:52:55-05:00 ERR (3): No entry is registered for key 'ZendACL'
2013-05-13T21:52:55-05:00 ERR (3): Invalid id or tag 'role-3' : must use only [a-zA-Z0-9_]
2013-05-13T21:52:55-05:00 ERR (3): No entry is registered for key 'ZendACL'
2013-05-13T21:52:55-05:00 ERR (3): No entry is registered for key 'Zend_Navigation'
2013-05-13T21:52:55-05:00 ERR (3): Invalid id or tag 'role-3' : must use only [a-zA-Z0-9_]
2013-05-13T21:52:55-05:00 ERR (3): No entry is registered for key 'ZendACL'
2013-05-13T21:52:55-05:00 ERR (3): Invalid id or tag 'role-3' : must use only [a-zA-Z0-9_]
2013-05-13T21:52:55-05:00 ERR (3): No entry is registered for key 'ZendACL'
2013-05-13T21:52:55-05:00 ERR (3): No entry is registered for key 'Zend_Navigation'
2013-05-13T21:53:03-05:00 ERR (3): Invalid id or tag 'role-3' : must use only [a-zA-Z0-9_]
2013-05-13T21:53:03-05:00 ERR (3): No entry is registered for key 'ZendACL'
2013-05-13T21:53:03-05:00 ERR (3): Invalid id or tag 'role-3' : must use only [a-zA-Z0-9_]
2013-05-13T21:53:03-05:00 ERR (3): No entry is registered for key 'ZendACL'
2013-05-13T21:53:03-05:00 ERR (3): No entry is registered for key 'Zend_Navigation'
2013-05-13T21:53:03-05:00 ERR (3): Invalid id or tag 'role-3' : must use only [a-zA-Z0-9_]
2013-05-13T21:53:03-05:00 ERR (3): No entry is registered for key 'ZendACL'
2013-05-13T21:53:03-05:00 ERR (3): Invalid id or tag 'role-3' : must use only [a-zA-Z0-9_]
2013-05-13T21:53:03-05:00 ERR (3): No entry is registered for key 'ZendACL'
2013-05-13T21:53:03-05:00 ERR (3): No entry is registered for key 'Zend_Navigation'
2013-05-13T21:53:10-05:00 ERR (3): Invalid id or tag 'role-3' : must use only [a-zA-Z0-9_]
2013-05-13T21:53:10-05:00 ERR (3): No entry is registered for key 'ZendACL'
2013-05-13T21:53:10-05:00 ERR (3): Invalid id or tag 'role-3' : must use only [a-zA-Z0-9_]
2013-05-13T21:53:10-05:00 ERR (3): No entry is registered for key 'ZendACL'
2013-05-13T21:53:10-05:00 ERR (3): No entry is registered for key 'Zend_Navigation'
2013-05-13T21:53:14-05:00 ERR (3): Invalid id or tag 'role-3' : must use only [a-zA-Z0-9_]
2013-05-13T21:53:14-05:00 ERR (3): No entry is registered for key 'ZendACL'
2013-05-13T21:53:14-05:00 ERR (3): Invalid id or tag 'role-3' : must use only [a-zA-Z0-9_]
2013-05-13T21:53:14-05:00 ERR (3): No entry is registered for key 'ZendACL'
2013-05-13T21:53:14-05:00 ERR (3): No entry is registered for key 'Zend_Navigation'
2013-05-13T21:53:14-05:00 ERR (3): Invalid id or tag 'role-3' : must use only [a-zA-Z0-9_]
2013-05-13T21:53:14-05:00 ERR (3): No entry is registered for key 'ZendACL'
2013-05-13T21:53:14-05:00 ERR (3): Invalid id or tag 'role-3' : must use only [a-zA-Z0-9_]
2013-05-13T21:53:14-05:00 ERR (3): No entry is registered for key 'ZendACL'
2013-05-13T21:53:14-05:00 ERR (3): No entry is registered for key 'Zend_Navigation'
2013-05-13T21:53:19-05:00 ERR (3): Invalid id or tag 'role-3' : must use only [a-zA-Z0-9_]
2013-05-13T21:53:19-05:00 ERR (3): No entry is registered for key 'ZendACL'
2013-05-13T21:53:19-05:00 ERR (3): Invalid id or tag 'role-3' : must use only [a-zA-Z0-9_]
2013-05-13T21:53:19-05:00 ERR (3): No entry is registered for key 'ZendACL'
2013-05-13T21:53:19-05:00 ERR (3): No entry is registered for key 'Zend_Navigation'
2013-05-13T21:53:19-05:00 ERR (3): Invalid id or tag 'role-3' : must use only [a-zA-Z0-9_]
2013-05-13T21:53:19-05:00 ERR (3): No entry is registered for key 'ZendACL'
2013-05-13T21:53:19-05:00 ERR (3): Invalid id or tag 'role-3' : must use only [a-zA-Z0-9_]
2013-05-13T21:53:19-05:00 ERR (3): No entry is registered for key 'ZendACL'
2013-05-13T21:53:19-05:00 ERR (3): No entry is registered for key 'Zend_Navigation'
2013-05-13T21:53:27-05:00 ERR (3): Invalid id or tag 'role-3' : must use only [a-zA-Z0-9_]
2013-05-13T21:53:27-05:00 ERR (3): No entry is registered for key 'ZendACL'
2013-05-13T21:53:27-05:00 ERR (3): Invalid id or tag 'role-3' : must use only [a-zA-Z0-9_]
2013-05-13T21:53:27-05:00 ERR (3): No entry is registered for key 'ZendACL'
2013-05-13T21:53:27-05:00 ERR (3): No entry is registered for key 'Zend_Navigation'
2013-05-13T21:53:27-05:00 ERR (3): Invalid id or tag 'role-3' : must use only [a-zA-Z0-9_]
2013-05-13T21:53:27-05:00 ERR (3): No entry is registered for key 'ZendACL'
2013-05-13T21:53:27-05:00 ERR (3): Invalid id or tag 'role-3' : must use only [a-zA-Z0-9_]
2013-05-13T21:53:27-05:00 ERR (3): No entry is registered for key 'ZendACL'
2013-05-13T21:53:27-05:00 ERR (3): No entry is registered for key 'Zend_Navigation'
2013-05-13T21:53:33-05:00 ERR (3): Invalid id or tag 'role-3' : must use only [a-zA-Z0-9_]
2013-05-13T21:53:33-05:00 ERR (3): No entry is registered for key 'ZendACL'
2013-05-13T21:53:33-05:00 ERR (3): Invalid id or tag 'role-3' : must use only [a-zA-Z0-9_]
2013-05-13T21:53:33-05:00 ERR (3): No entry is registered for key 'ZendACL'
2013-05-13T21:53:33-05:00 ERR (3): No entry is registered for key 'Zend_Navigation'
2013-05-13T21:53:33-05:00 ERR (3): Invalid id or tag 'role-3' : must use only [a-zA-Z0-9_]
2013-05-13T21:53:33-05:00 ERR (3): No entry is registered for key 'ZendACL'
2013-05-13T21:53:33-05:00 ERR (3): Invalid id or tag 'role-3' : must use only [a-zA-Z0-9_]
2013-05-13T21:53:33-05:00 ERR (3): No entry is registered for key 'ZendACL'
2013-05-13T21:53:33-05:00 ERR (3): No entry is registered for key 'Zend_Navigation'
2013-05-13T21:53:50-05:00 ERR (3): Invalid id or tag 'role-3' : must use only [a-zA-Z0-9_]
2013-05-13T21:53:50-05:00 ERR (3): No entry is registered for key 'ZendACL'
2013-05-13T21:53:50-05:00 ERR (3): Invalid id or tag 'role-3' : must use only [a-zA-Z0-9_]
2013-05-13T21:53:50-05:00 ERR (3): No entry is registered for key 'ZendACL'
2013-05-13T21:53:50-05:00 ERR (3): No entry is registered for key 'Zend_Navigation'
2013-05-13T21:53:50-05:00 ERR (3): Invalid id or tag 'role-3' : must use only [a-zA-Z0-9_]
2013-05-13T21:53:50-05:00 ERR (3): No entry is registered for key 'ZendACL'
2013-05-13T21:53:50-05:00 ERR (3): Invalid id or tag 'role-3' : must use only [a-zA-Z0-9_]
2013-05-13T21:53:50-05:00 ERR (3): No entry is registered for key 'ZendACL'
2013-05-13T21:53:50-05:00 ERR (3): No entry is registered for key 'Zend_Navigation'
2013-05-13T21:53:55-05:00 ERR (3): Invalid id or tag 'role-3' : must use only [a-zA-Z0-9_]
2013-05-13T21:53:55-05:00 ERR (3): No entry is registered for key 'ZendACL'
2013-05-13T21:53:55-05:00 ERR (3): Invalid id or tag 'role-3' : must use only [a-zA-Z0-9_]
2013-05-13T21:53:55-05:00 ERR (3): No entry is registered for key 'ZendACL'
2013-05-13T21:53:55-05:00 ERR (3): No entry is registered for key 'Zend_Navigation'
2013-05-13T21:53:55-05:00 ERR (3): Invalid id or tag 'role-3' : must use only [a-zA-Z0-9_]
2013-05-13T21:53:55-05:00 ERR (3): No entry is registered for key 'ZendACL'
2013-05-13T21:53:55-05:00 ERR (3): Invalid id or tag 'role-3' : must use only [a-zA-Z0-9_]
2013-05-13T21:53:55-05:00 ERR (3): No entry is registered for key 'ZendACL'
2013-05-13T21:53:55-05:00 ERR (3): No entry is registered for key 'Zend_Navigation'
2013-05-13T22:34:16-05:00 ERR (3): Invalid id or tag 'role-3' : must use only [a-zA-Z0-9_]
2013-05-13T22:34:16-05:00 ERR (3): No entry is registered for key 'ZendACL'
2013-05-13T22:34:16-05:00 ERR (3): Invalid id or tag 'role-3' : must use only [a-zA-Z0-9_]
2013-05-13T22:34:17-05:00 ERR (3): No entry is registered for key 'ZendACL'
2013-05-13T22:34:17-05:00 ERR (3): No entry is registered for key 'Zend_Navigation'
2013-05-14T01:29:59-05:00 ERR (3): Invalid id or tag 'role-3' : must use only [a-zA-Z0-9_]
2013-05-14T01:29:59-05:00 ERR (3): No entry is registered for key 'ZendACL'
2013-05-14T01:29:59-05:00 ERR (3): Invalid id or tag 'role-3' : must use only [a-zA-Z0-9_]
2013-05-14T01:29:59-05:00 ERR (3): No entry is registered for key 'ZendACL'
2013-05-14T01:29:59-05:00 ERR (3): No entry is registered for key 'Zend_Navigation'
2013-05-14T01:30:37-05:00 ERR (3): Invalid id or tag 'role-3' : must use only [a-zA-Z0-9_]
2013-05-14T01:30:37-05:00 ERR (3): No entry is registered for key 'ZendACL'
2013-05-14T01:30:37-05:00 ERR (3): Invalid id or tag 'role-3' : must use only [a-zA-Z0-9_]
2013-05-14T01:30:37-05:00 ERR (3): No entry is registered for key 'ZendACL'
2013-05-14T01:30:37-05:00 ERR (3): No entry is registered for key 'Zend_Navigation'
2013-05-14T01:30:37-05:00 ERR (3): Invalid id or tag 'role-1' : must use only [a-zA-Z0-9_]
2013-05-14T01:30:37-05:00 ERR (3): No entry is registered for key 'ZendACL'
2013-05-14T01:30:37-05:00 ERR (3): Invalid id or tag 'role-1' : must use only [a-zA-Z0-9_]
2013-05-14T01:30:37-05:00 ERR (3): No entry is registered for key 'ZendACL'
2013-05-14T01:30:37-05:00 ERR (3): No entry is registered for key 'Zend_Navigation'
2013-05-14T01:30:45-05:00 ERR (3): Invalid id or tag 'role-1' : must use only [a-zA-Z0-9_]
2013-05-14T01:30:45-05:00 ERR (3): No entry is registered for key 'ZendACL'
2013-05-14T01:30:45-05:00 ERR (3): Invalid id or tag 'role-1' : must use only [a-zA-Z0-9_]
2013-05-14T01:30:45-05:00 ERR (3): No entry is registered for key 'ZendACL'
2013-05-14T01:30:45-05:00 ERR (3): No entry is registered for key 'Zend_Navigation'
2013-05-14T01:30:45-05:00 ERR (3): Invalid id or tag 'role-3' : must use only [a-zA-Z0-9_]
2013-05-14T01:30:45-05:00 ERR (3): No entry is registered for key 'ZendACL'
2013-05-14T01:30:45-05:00 ERR (3): Invalid id or tag 'role-3' : must use only [a-zA-Z0-9_]
2013-05-14T01:30:45-05:00 ERR (3): No entry is registered for key 'ZendACL'
2013-05-14T01:30:45-05:00 ERR (3): No entry is registered for key 'Zend_Navigation'
2013-05-14T01:31:23-05:00 ERR (3): Invalid id or tag 'role-3' : must use only [a-zA-Z0-9_]
2013-05-14T01:31:23-05:00 ERR (3): No entry is registered for key 'ZendACL'
2013-05-14T01:31:23-05:00 ERR (3): Invalid id or tag 'role-3' : must use only [a-zA-Z0-9_]
2013-05-14T01:31:23-05:00 ERR (3): No entry is registered for key 'ZendACL'
2013-05-14T01:31:23-05:00 ERR (3): No entry is registered for key 'Zend_Navigation'
2013-05-14T01:31:28-05:00 ERR (3): Invalid id or tag 'role-3' : must use only [a-zA-Z0-9_]
2013-05-14T01:31:28-05:00 ERR (3): No entry is registered for key 'ZendACL'
2013-05-14T01:31:28-05:00 ERR (3): Invalid id or tag 'role-3' : must use only [a-zA-Z0-9_]
2013-05-14T01:31:28-05:00 ERR (3): No entry is registered for key 'ZendACL'
2013-05-14T01:31:28-05:00 ERR (3): No entry is registered for key 'Zend_Navigation'
2013-05-14T01:31:38-05:00 ERR (3): Invalid id or tag 'role-1' : must use only [a-zA-Z0-9_]
2013-05-14T01:31:38-05:00 ERR (3): No entry is registered for key 'ZendACL'
2013-05-14T01:31:39-05:00 ERR (3): Invalid id or tag 'role-1' : must use only [a-zA-Z0-9_]
2013-05-14T01:31:39-05:00 ERR (3): No entry is registered for key 'ZendACL'
2013-05-14T01:31:39-05:00 ERR (3): No entry is registered for key 'Zend_Navigation'
2013-05-14T01:31:41-05:00 ERR (3): Invalid id or tag 'role-1' : must use only [a-zA-Z0-9_]
2013-05-14T01:31:41-05:00 ERR (3): No entry is registered for key 'ZendACL'
2013-05-14T01:31:41-05:00 ERR (3): Invalid id or tag 'role-1' : must use only [a-zA-Z0-9_]
2013-05-14T01:31:41-05:00 ERR (3): No entry is registered for key 'ZendACL'
2013-05-14T01:31:41-05:00 ERR (3): No entry is registered for key 'Zend_Navigation'
2013-05-14T01:31:41-05:00 ERR (3): Invalid id or tag 'role-3' : must use only [a-zA-Z0-9_]
2013-05-14T01:31:41-05:00 ERR (3): No entry is registered for key 'ZendACL'
2013-05-14T01:31:41-05:00 ERR (3): Invalid id or tag 'role-3' : must use only [a-zA-Z0-9_]
2013-05-14T01:31:41-05:00 ERR (3): No entry is registered for key 'ZendACL'
2013-05-14T01:31:41-05:00 ERR (3): No entry is registered for key 'Zend_Navigation'
2013-05-14T01:31:46-05:00 ERR (3): Invalid id or tag 'role-3' : must use only [a-zA-Z0-9_]
2013-05-14T01:31:46-05:00 ERR (3): No entry is registered for key 'ZendACL'
2013-05-14T01:31:46-05:00 ERR (3): Invalid id or tag 'role-3' : must use only [a-zA-Z0-9_]
2013-05-14T01:31:46-05:00 ERR (3): No entry is registered for key 'ZendACL'
2013-05-14T01:31:46-05:00 ERR (3): No entry is registered for key 'Zend_Navigation'
2013-05-14T01:32:37-05:00 ERR (3): Invalid id or tag 'role-1' : must use only [a-zA-Z0-9_]
2013-05-14T01:32:37-05:00 ERR (3): No entry is registered for key 'ZendACL'
2013-05-14T01:32:37-05:00 ERR (3): Invalid id or tag 'role-1' : must use only [a-zA-Z0-9_]
2013-05-14T01:32:37-05:00 ERR (3): No entry is registered for key 'ZendACL'
2013-05-14T01:32:37-05:00 ERR (3): No entry is registered for key 'Zend_Navigation'
2013-05-14T01:32:40-05:00 ERR (3): Invalid id or tag 'role-1' : must use only [a-zA-Z0-9_]
2013-05-14T01:32:40-05:00 ERR (3): No entry is registered for key 'ZendACL'
2013-05-14T01:32:40-05:00 ERR (3): Invalid id or tag 'role-1' : must use only [a-zA-Z0-9_]
2013-05-14T01:32:40-05:00 ERR (3): No entry is registered for key 'ZendACL'
2013-05-14T01:32:40-05:00 ERR (3): No entry is registered for key 'Zend_Navigation'
2013-05-14T01:32:40-05:00 ERR (3): Invalid id or tag 'role-3' : must use only [a-zA-Z0-9_]
2013-05-14T01:32:40-05:00 ERR (3): No entry is registered for key 'ZendACL'
2013-05-14T01:32:40-05:00 ERR (3): Invalid id or tag 'role-3' : must use only [a-zA-Z0-9_]
2013-05-14T01:32:40-05:00 ERR (3): No entry is registered for key 'ZendACL'
2013-05-14T01:32:40-05:00 ERR (3): No entry is registered for key 'Zend_Navigation'
2013-05-14T01:32:45-05:00 ERR (3): Invalid id or tag 'role-3' : must use only [a-zA-Z0-9_]
2013-05-14T01:32:45-05:00 ERR (3): No entry is registered for key 'ZendACL'
2013-05-14T01:32:45-05:00 ERR (3): Invalid id or tag 'role-3' : must use only [a-zA-Z0-9_]
2013-05-14T01:32:45-05:00 ERR (3): No entry is registered for key 'ZendACL'
2013-05-14T01:32:45-05:00 ERR (3): No entry is registered for key 'Zend_Navigation'
2013-05-14T01:32:45-05:00 ERR (3): Invalid id or tag 'role-3' : must use only [a-zA-Z0-9_]
2013-05-14T01:32:45-05:00 ERR (3): No entry is registered for key 'ZendACL'
2013-05-14T01:32:45-05:00 ERR (3): Invalid id or tag 'role-3' : must use only [a-zA-Z0-9_]
2013-05-14T01:32:45-05:00 ERR (3): No entry is registered for key 'ZendACL'
2013-05-14T01:32:45-05:00 ERR (3): No entry is registered for key 'Zend_Navigation'
2013-05-14T01:32:51-05:00 ERR (3): Invalid id or tag 'role-3' : must use only [a-zA-Z0-9_]
2013-05-14T01:32:51-05:00 ERR (3): No entry is registered for key 'ZendACL'
2013-05-14T01:32:51-05:00 ERR (3): Invalid id or tag 'role-3' : must use only [a-zA-Z0-9_]
2013-05-14T01:32:51-05:00 ERR (3): No entry is registered for key 'ZendACL'
2013-05-14T01:32:51-05:00 ERR (3): No entry is registered for key 'Zend_Navigation'
2013-05-14T01:33:19-05:00 ERR (3): Invalid id or tag 'role-1' : must use only [a-zA-Z0-9_]
2013-05-14T01:33:19-05:00 ERR (3): No entry is registered for key 'ZendACL'
2013-05-14T01:33:19-05:00 ERR (3): Invalid id or tag 'role-1' : must use only [a-zA-Z0-9_]
2013-05-14T01:33:19-05:00 ERR (3): No entry is registered for key 'ZendACL'
2013-05-14T01:33:19-05:00 ERR (3): No entry is registered for key 'Zend_Navigation'
2013-05-14T01:33:22-05:00 ERR (3): Invalid id or tag 'role-1' : must use only [a-zA-Z0-9_]
2013-05-14T01:33:22-05:00 ERR (3): No entry is registered for key 'ZendACL'
2013-05-14T01:33:22-05:00 ERR (3): Invalid id or tag 'role-1' : must use only [a-zA-Z0-9_]
2013-05-14T01:33:22-05:00 ERR (3): No entry is registered for key 'ZendACL'
2013-05-14T01:33:22-05:00 ERR (3): No entry is registered for key 'Zend_Navigation'
2013-05-14T01:33:22-05:00 ERR (3): Invalid id or tag 'role-3' : must use only [a-zA-Z0-9_]
2013-05-14T01:33:22-05:00 ERR (3): No entry is registered for key 'ZendACL'
2013-05-14T01:33:22-05:00 ERR (3): Invalid id or tag 'role-3' : must use only [a-zA-Z0-9_]
2013-05-14T01:33:22-05:00 ERR (3): No entry is registered for key 'ZendACL'
2013-05-14T01:33:22-05:00 ERR (3): No entry is registered for key 'Zend_Navigation'
2013-05-14T01:33:26-05:00 ERR (3): Invalid id or tag 'role-3' : must use only [a-zA-Z0-9_]
2013-05-14T01:33:26-05:00 ERR (3): No entry is registered for key 'ZendACL'
2013-05-14T01:33:26-05:00 ERR (3): Invalid id or tag 'role-3' : must use only [a-zA-Z0-9_]
2013-05-14T01:33:26-05:00 ERR (3): No entry is registered for key 'ZendACL'
2013-05-14T01:33:26-05:00 ERR (3): No entry is registered for key 'Zend_Navigation'
2013-05-14T01:33:26-05:00 ERR (3): Invalid id or tag 'role-1' : must use only [a-zA-Z0-9_]
2013-05-14T01:33:26-05:00 ERR (3): No entry is registered for key 'ZendACL'
2013-05-14T01:33:26-05:00 ERR (3): Invalid id or tag 'role-1' : must use only [a-zA-Z0-9_]
2013-05-14T01:33:26-05:00 ERR (3): No entry is registered for key 'ZendACL'
2013-05-14T01:33:26-05:00 ERR (3): No entry is registered for key 'Zend_Navigation'
2013-05-14T01:33:38-05:00 ERR (3): Invalid id or tag 'role-1' : must use only [a-zA-Z0-9_]
2013-05-14T01:33:38-05:00 ERR (3): No entry is registered for key 'ZendACL'
2013-05-14T01:33:38-05:00 ERR (3): Invalid id or tag 'role-1' : must use only [a-zA-Z0-9_]
2013-05-14T01:33:38-05:00 ERR (3): No entry is registered for key 'ZendACL'
2013-05-14T01:33:38-05:00 ERR (3): No entry is registered for key 'Zend_Navigation'
2013-05-14T01:33:38-05:00 ERR (3): Invalid id or tag 'role-3' : must use only [a-zA-Z0-9_]
2013-05-14T01:33:38-05:00 ERR (3): No entry is registered for key 'ZendACL'
2013-05-14T01:33:38-05:00 ERR (3): Invalid id or tag 'role-3' : must use only [a-zA-Z0-9_]
2013-05-14T01:33:38-05:00 ERR (3): No entry is registered for key 'ZendACL'
2013-05-14T01:33:38-05:00 ERR (3): No entry is registered for key 'Zend_Navigation'
2013-05-14T01:33:43-05:00 ERR (3): Invalid id or tag 'role-3' : must use only [a-zA-Z0-9_]
2013-05-14T01:33:43-05:00 ERR (3): No entry is registered for key 'ZendACL'
2013-05-14T01:33:43-05:00 ERR (3): Invalid id or tag 'role-3' : must use only [a-zA-Z0-9_]
2013-05-14T01:33:43-05:00 ERR (3): No entry is registered for key 'ZendACL'
2013-05-14T01:33:43-05:00 ERR (3): No entry is registered for key 'Zend_Navigation'
2013-05-14T01:33:43-05:00 ERR (3): Invalid id or tag 'role-1' : must use only [a-zA-Z0-9_]
2013-05-14T01:33:43-05:00 ERR (3): No entry is registered for key 'ZendACL'
2013-05-14T01:33:43-05:00 ERR (3): Invalid id or tag 'role-1' : must use only [a-zA-Z0-9_]
2013-05-14T01:33:43-05:00 ERR (3): No entry is registered for key 'ZendACL'
2013-05-14T01:33:43-05:00 ERR (3): No entry is registered for key 'Zend_Navigation'
2013-05-14T01:33:47-05:00 ERR (3): Invalid id or tag 'role-1' : must use only [a-zA-Z0-9_]
2013-05-14T01:33:47-05:00 ERR (3): No entry is registered for key 'ZendACL'
2013-05-14T01:33:47-05:00 ERR (3): Invalid id or tag 'role-1' : must use only [a-zA-Z0-9_]
2013-05-14T01:33:47-05:00 ERR (3): No entry is registered for key 'ZendACL'
2013-05-14T01:33:47-05:00 ERR (3): No entry is registered for key 'Zend_Navigation'
2013-05-14T01:33:47-05:00 ERR (3): Invalid id or tag 'role-3' : must use only [a-zA-Z0-9_]
2013-05-14T01:33:47-05:00 ERR (3): No entry is registered for key 'ZendACL'
2013-05-14T01:33:47-05:00 ERR (3): Invalid id or tag 'role-3' : must use only [a-zA-Z0-9_]
2013-05-14T01:33:47-05:00 ERR (3): No entry is registered for key 'ZendACL'
2013-05-14T01:33:47-05:00 ERR (3): No entry is registered for key 'Zend_Navigation'
2013-05-14T01:34:04-05:00 ERR (3): Invalid id or tag 'role-3' : must use only [a-zA-Z0-9_]
2013-05-14T01:34:04-05:00 ERR (3): No entry is registered for key 'ZendACL'
2013-05-14T01:34:04-05:00 ERR (3): Invalid id or tag 'role-3' : must use only [a-zA-Z0-9_]
2013-05-14T01:34:04-05:00 ERR (3): No entry is registered for key 'ZendACL'
2013-05-14T01:34:04-05:00 ERR (3): No entry is registered for key 'Zend_Navigation'
2013-05-14T01:34:04-05:00 ERR (3): Invalid id or tag 'role-1' : must use only [a-zA-Z0-9_]
2013-05-14T01:34:04-05:00 ERR (3): No entry is registered for key 'ZendACL'
2013-05-14T01:34:04-05:00 ERR (3): Invalid id or tag 'role-1' : must use only [a-zA-Z0-9_]
2013-05-14T01:34:04-05:00 ERR (3): No entry is registered for key 'ZendACL'
2013-05-14T01:34:04-05:00 ERR (3): No entry is registered for key 'Zend_Navigation'
2013-05-14T01:34:08-05:00 ERR (3): Invalid id or tag 'role-1' : must use only [a-zA-Z0-9_]
2013-05-14T01:34:08-05:00 ERR (3): No entry is registered for key 'ZendACL'
2013-05-14T01:34:08-05:00 ERR (3): Invalid id or tag 'role-1' : must use only [a-zA-Z0-9_]
2013-05-14T01:34:08-05:00 ERR (3): No entry is registered for key 'ZendACL'
2013-05-14T01:34:08-05:00 ERR (3): No entry is registered for key 'Zend_Navigation'
2013-05-14T01:34:08-05:00 ERR (3): Invalid id or tag 'role-3' : must use only [a-zA-Z0-9_]
2013-05-14T01:34:08-05:00 ERR (3): No entry is registered for key 'ZendACL'
2013-05-14T01:34:08-05:00 ERR (3): Invalid id or tag 'role-3' : must use only [a-zA-Z0-9_]
2013-05-14T01:34:08-05:00 ERR (3): No entry is registered for key 'ZendACL'
2013-05-14T01:34:08-05:00 ERR (3): No entry is registered for key 'Zend_Navigation'
2013-05-22T14:23:53-05:00 ERR (3): Invalid id or tag 'role-3' : must use only [a-zA-Z0-9_]
2013-05-22T14:23:53-05:00 ERR (3): No entry is registered for key 'ZendACL'
2013-05-22T14:23:53-05:00 ERR (3): Invalid id or tag 'role-3' : must use only [a-zA-Z0-9_]
2013-05-22T14:23:53-05:00 ERR (3): No entry is registered for key 'ZendACL'
2013-05-22T14:23:53-05:00 ERR (3): No entry is registered for key 'Zend_Navigation'
2013-05-22T14:23:53-05:00 ERR (3): Invalid id or tag 'role-3' : must use only [a-zA-Z0-9_]
2013-05-22T14:23:53-05:00 ERR (3): No entry is registered for key 'ZendACL'
2013-05-22T14:23:53-05:00 ERR (3): Invalid id or tag 'role-3' : must use only [a-zA-Z0-9_]
2013-05-22T14:23:53-05:00 ERR (3): No entry is registered for key 'ZendACL'
2013-05-22T14:23:53-05:00 ERR (3): No entry is registered for key 'Zend_Navigation'
2013-05-22T14:24:01-05:00 ERR (3): Invalid id or tag 'role-3' : must use only [a-zA-Z0-9_]
2013-05-22T14:24:01-05:00 ERR (3): No entry is registered for key 'ZendACL'
2013-05-22T14:24:01-05:00 ERR (3): Invalid id or tag 'role-3' : must use only [a-zA-Z0-9_]
2013-05-22T14:24:01-05:00 ERR (3): No entry is registered for key 'ZendACL'
2013-05-22T14:24:01-05:00 ERR (3): No entry is registered for key 'Zend_Navigation'
2013-05-22T14:36:58-05:00 ERR (3): Invalid id or tag 'role-3' : must use only [a-zA-Z0-9_]
2013-05-22T14:36:58-05:00 ERR (3): No entry is registered for key 'ZendACL'
2013-05-22T14:36:58-05:00 ERR (3): Invalid id or tag 'role-3' : must use only [a-zA-Z0-9_]
2013-05-22T14:36:58-05:00 ERR (3): No entry is registered for key 'ZendACL'
2013-05-22T14:36:58-05:00 ERR (3): No entry is registered for key 'Zend_Navigation'
2013-05-22T14:36:58-05:00 ERR (3): Invalid id or tag 'role-3' : must use only [a-zA-Z0-9_]
2013-05-22T14:36:58-05:00 ERR (3): No entry is registered for key 'ZendACL'
2013-05-22T14:36:58-05:00 ERR (3): Invalid id or tag 'role-3' : must use only [a-zA-Z0-9_]
2013-05-22T14:36:58-05:00 ERR (3): No entry is registered for key 'ZendACL'
2013-05-22T14:36:58-05:00 ERR (3): No entry is registered for key 'Zend_Navigation'
2013-05-22T14:37:32-05:00 ERR (3): Invalid id or tag 'role-3' : must use only [a-zA-Z0-9_]
2013-05-22T14:37:32-05:00 ERR (3): No entry is registered for key 'ZendACL'
2013-05-22T14:37:32-05:00 ERR (3): Invalid id or tag 'role-3' : must use only [a-zA-Z0-9_]
2013-05-22T14:37:32-05:00 ERR (3): No entry is registered for key 'ZendACL'
2013-05-22T14:37:32-05:00 ERR (3): No entry is registered for key 'Zend_Navigation'
2013-05-22T14:37:32-05:00 ERR (3): Invalid id or tag 'role-3' : must use only [a-zA-Z0-9_]
2013-05-22T14:37:32-05:00 ERR (3): No entry is registered for key 'ZendACL'
2013-05-22T14:37:32-05:00 ERR (3): Invalid id or tag 'role-3' : must use only [a-zA-Z0-9_]
2013-05-22T14:37:32-05:00 ERR (3): No entry is registered for key 'ZendACL'
2013-05-22T14:37:32-05:00 ERR (3): No entry is registered for key 'Zend_Navigation'
2013-05-22T14:41:01-05:00 ERR (3): Invalid id or tag 'role-3' : must use only [a-zA-Z0-9_]
2013-05-22T14:41:01-05:00 ERR (3): No entry is registered for key 'ZendACL'
2013-05-22T14:41:01-05:00 ERR (3): Invalid id or tag 'role-3' : must use only [a-zA-Z0-9_]
2013-05-22T14:41:01-05:00 ERR (3): No entry is registered for key 'ZendACL'
2013-05-22T14:41:01-05:00 ERR (3): No entry is registered for key 'Zend_Navigation'
2013-05-22T14:41:01-05:00 ERR (3): Invalid id or tag 'role-3' : must use only [a-zA-Z0-9_]
2013-05-22T14:41:01-05:00 ERR (3): No entry is registered for key 'ZendACL'
2013-05-22T14:41:01-05:00 ERR (3): Invalid id or tag 'role-3' : must use only [a-zA-Z0-9_]
2013-05-22T14:41:01-05:00 ERR (3): No entry is registered for key 'ZendACL'
2013-05-22T14:41:01-05:00 ERR (3): No entry is registered for key 'Zend_Navigation'
2013-05-22T14:48:48-05:00 ERR (3): Invalid id or tag 'role-3' : must use only [a-zA-Z0-9_]
2013-05-22T14:48:48-05:00 ERR (3): No entry is registered for key 'ZendACL'
2013-05-22T14:48:48-05:00 ERR (3): Invalid id or tag 'role-3' : must use only [a-zA-Z0-9_]
2013-05-22T14:48:48-05:00 ERR (3): No entry is registered for key 'ZendACL'
2013-05-22T14:48:48-05:00 ERR (3): No entry is registered for key 'Zend_Navigation'
2013-05-22T14:48:48-05:00 ERR (3): Invalid id or tag 'role-3' : must use only [a-zA-Z0-9_]
2013-05-22T14:48:48-05:00 ERR (3): No entry is registered for key 'ZendACL'
2013-05-22T14:48:48-05:00 ERR (3): Invalid id or tag 'role-3' : must use only [a-zA-Z0-9_]
2013-05-22T14:48:48-05:00 ERR (3): No entry is registered for key 'ZendACL'
2013-05-22T14:48:48-05:00 ERR (3): No entry is registered for key 'Zend_Navigation'
2013-05-22T14:54:12-05:00 ERR (3): Invalid id or tag 'role-3' : must use only [a-zA-Z0-9_]
2013-05-22T14:54:12-05:00 ERR (3): No entry is registered for key 'ZendACL'
2013-05-22T14:54:12-05:00 ERR (3): Invalid id or tag 'role-3' : must use only [a-zA-Z0-9_]
2013-05-22T14:55:02-05:00 ERR (3): Invalid id or tag 'role-3' : must use only [a-zA-Z0-9_]
2013-05-22T14:55:02-05:00 ERR (3): No entry is registered for key 'ZendACL'
2013-05-22T14:55:02-05:00 ERR (3): Invalid id or tag 'role-3' : must use only [a-zA-Z0-9_]
2013-05-22T14:55:02-05:00 ERR (3): No entry is registered for key 'ZendACL'
2013-05-22T14:55:02-05:00 ERR (3): No entry is registered for key 'Zend_Navigation'
2013-05-22T20:56:08-05:00 ERR (3): Invalid id or tag 'role-3' : must use only [a-zA-Z0-9_]
2013-05-22T20:56:08-05:00 ERR (3): No entry is registered for key 'ZendACL'
2013-05-22T20:56:08-05:00 ERR (3): Invalid id or tag 'role-3' : must use only [a-zA-Z0-9_]
2013-05-22T20:56:08-05:00 ERR (3): No entry is registered for key 'ZendACL'
2013-05-22T20:56:08-05:00 ERR (3): No entry is registered for key 'Zend_Navigation'
2013-05-22T21:02:46-05:00 ERR (3): Invalid id or tag 'role-3' : must use only [a-zA-Z0-9_]
2013-05-22T21:02:46-05:00 ERR (3): No entry is registered for key 'ZendACL'
2013-05-22T21:02:46-05:00 ERR (3): Invalid id or tag 'role-3' : must use only [a-zA-Z0-9_]
2013-05-22T21:02:46-05:00 ERR (3): No entry is registered for key 'ZendACL'
2013-05-22T21:02:46-05:00 ERR (3): No entry is registered for key 'Zend_Navigation'
2013-05-22T21:03:49-05:00 ERR (3): Invalid id or tag 'role-3' : must use only [a-zA-Z0-9_]
2013-05-22T21:03:49-05:00 ERR (3): No entry is registered for key 'ZendACL'
2013-05-22T21:03:49-05:00 ERR (3): Invalid id or tag 'role-3' : must use only [a-zA-Z0-9_]
2013-05-22T21:03:49-05:00 ERR (3): No entry is registered for key 'ZendACL'
2013-05-22T21:03:49-05:00 ERR (3): No entry is registered for key 'Zend_Navigation'
2013-05-22T21:03:54-05:00 ERR (3): Invalid id or tag 'role-3' : must use only [a-zA-Z0-9_]
2013-05-22T21:03:54-05:00 ERR (3): No entry is registered for key 'ZendACL'
2013-05-22T21:03:54-05:00 ERR (3): Invalid id or tag 'role-3' : must use only [a-zA-Z0-9_]
2013-05-22T21:03:54-05:00 ERR (3): No entry is registered for key 'ZendACL'
2013-05-22T21:03:54-05:00 ERR (3): No entry is registered for key 'Zend_Navigation'
2013-05-22T21:03:54-05:00 ERR (3): Invalid id or tag 'role-3' : must use only [a-zA-Z0-9_]
2013-05-22T21:03:54-05:00 ERR (3): No entry is registered for key 'ZendACL'
2013-05-22T21:03:54-05:00 ERR (3): Invalid id or tag 'role-3' : must use only [a-zA-Z0-9_]
2013-05-22T21:03:54-05:00 ERR (3): No entry is registered for key 'ZendACL'
2013-05-22T21:03:54-05:00 ERR (3): No entry is registered for key 'Zend_Navigation'
2013-05-22T21:04:40-05:00 ERR (3): Invalid id or tag 'role-3' : must use only [a-zA-Z0-9_]
2013-05-22T21:04:40-05:00 ERR (3): No entry is registered for key 'ZendACL'
2013-05-22T21:04:40-05:00 ERR (3): Invalid id or tag 'role-3' : must use only [a-zA-Z0-9_]
2013-05-22T21:04:40-05:00 ERR (3): No entry is registered for key 'ZendACL'
2013-05-22T21:04:40-05:00 ERR (3): No entry is registered for key 'Zend_Navigation'
2013-05-22T21:04:40-05:00 ERR (3): Invalid id or tag 'role-3' : must use only [a-zA-Z0-9_]
2013-05-22T21:04:40-05:00 ERR (3): No entry is registered for key 'ZendACL'
2013-05-22T21:04:40-05:00 ERR (3): Invalid id or tag 'role-3' : must use only [a-zA-Z0-9_]
2013-05-22T21:04:40-05:00 ERR (3): No entry is registered for key 'ZendACL'
2013-05-22T21:04:40-05:00 ERR (3): No entry is registered for key 'Zend_Navigation'
2013-05-22T21:04:48-05:00 ERR (3): Invalid id or tag 'role-3' : must use only [a-zA-Z0-9_]
2013-05-22T21:04:48-05:00 ERR (3): No entry is registered for key 'ZendACL'
2013-05-22T21:04:48-05:00 ERR (3): Invalid id or tag 'role-3' : must use only [a-zA-Z0-9_]
2013-05-22T21:04:48-05:00 ERR (3): No entry is registered for key 'ZendACL'
2013-05-22T21:04:48-05:00 ERR (3): No entry is registered for key 'Zend_Navigation'
